#
# There is insufficient memory for the Java Runtime Environment to continue.
# Native memory allocation (malloc) failed to allocate 1173456 bytes for Chunk::new
# Possible reasons:
#   The system is out of physical RAM or swap space
#   In 32 bit mode, the process size limit was hit
# Possible solutions:
#   Reduce memory load on the system
#   Increase physical memory or swap space
#   Check if swap backing store is full
#   Use 64 bit Java on a 64 bit OS
#   Decrease Java heap size (-Xmx/-Xms)
#   Decrease number of Java threads
#   Decrease Java thread stack sizes (-Xss)
#   Set larger code cache with -XX:ReservedCodeCacheSize=
# This output file may be truncated or incomplete.
#
#  Out of Memory Error (allocation.cpp:390), pid=4684, tid=0x0000000000000868
#
# JRE version: OpenJDK Runtime Environment (8.0_152-b02) (build 1.8.0_152-release-1024-b02)
# Java VM: OpenJDK 64-Bit Server VM (25.152-b02 mixed mode windows-amd64 compressed oops)
# Failed to write core dump. Minidumps are not enabled by default on client versions of Windows
#

---------------  T H R E A D  ---------------

Current thread (0x000000001ae81800):  JavaThread "C2 CompilerThread2" daemon [_thread_in_native, id=2152, stack(0x000000001b7f0000,0x000000001b8f0000)]

Stack: [0x000000001b7f0000,0x000000001b8f0000]
[error occurred during error reporting (printing stack bounds), id 0xc0000005]

Native frames: (J=compiled Java code, j=interpreted, Vv=VM code, C=native code)


Current CompileTask:
C2: 632181 21731       4       com.android.tools.r8.ir.regalloc.LinearScanRegisterAllocator::performLinearScan (813 bytes)


---------------  P R O C E S S  ---------------

Java Threads: ( => current thread )
  0x0000000024129000 JavaThread "stdout" daemon [_thread_in_native, id=7892, stack(0x000000005c780000,0x000000005c880000)]
  0x0000000024127000 JavaThread "stderr" daemon [_thread_in_native, id=14068, stack(0x000000005c680000,0x000000005c780000)]
  0x0000000024126800 JavaThread "stdout" daemon [_thread_in_native, id=11444, stack(0x000000005c580000,0x000000005c680000)]
  0x000000002411f000 JavaThread "stderr" daemon [_thread_in_native, id=7544, stack(0x000000005c480000,0x000000005c580000)]
  0x000000002411c000 JavaThread "stdout" daemon [_thread_in_native, id=4776, stack(0x000000005bf80000,0x000000005c080000)]
  0x0000000024122000 JavaThread "stderr" daemon [_thread_in_native, id=13072, stack(0x000000005be80000,0x000000005bf80000)]
  0x000000002411c800 JavaThread "stdout" daemon [_thread_in_native, id=11040, stack(0x000000005bb80000,0x000000005bc80000)]
  0x0000000024120800 JavaThread "stderr" daemon [_thread_in_native, id=2940, stack(0x000000005ba80000,0x000000005bb80000)]
  0x000000002411d800 JavaThread "stdout" daemon [_thread_in_native, id=8224, stack(0x000000005b980000,0x000000005ba80000)]
  0x000000002411b000 JavaThread "stderr" daemon [_thread_in_native, id=14676, stack(0x000000005b880000,0x000000005b980000)]
  0x000000002411e000 JavaThread "queued-resource-processor_56" daemon [_thread_blocked, id=10384, stack(0x000000005b780000,0x000000005b880000)]
  0x000000002411f800 JavaThread "queued-resource-processor_55" daemon [_thread_blocked, id=7456, stack(0x000000005b680000,0x000000005b780000)]
  0x000000001c681800 JavaThread "queued-resource-processor_54" daemon [_thread_blocked, id=8792, stack(0x000000005b580000,0x000000005b680000)]
  0x000000001c67d800 JavaThread "queued-resource-processor_53" daemon [_thread_blocked, id=11260, stack(0x000000005b480000,0x000000005b580000)]
  0x000000001c680800 JavaThread "queued-resource-processor_52" daemon [_thread_blocked, id=10188, stack(0x000000005b380000,0x000000005b480000)]
  0x000000001c67b800 JavaThread "queued-resource-processor_51" daemon [_thread_blocked, id=10652, stack(0x000000005b280000,0x000000005b380000)]
  0x000000001c67d000 JavaThread "queued-resource-processor_50" daemon [_thread_blocked, id=2380, stack(0x000000005b180000,0x000000005b280000)]
  0x000000001c680000 JavaThread "queued-resource-processor_49" daemon [_thread_blocked, id=14912, stack(0x000000005b080000,0x000000005b180000)]
  0x000000001fee2800 JavaThread "ForkJoinPool.commonPool-worker-1" daemon [_thread_blocked, id=2508, stack(0x000000005a780000,0x000000005a880000)]
  0x000000001fee7800 JavaThread "ForkJoinPool.commonPool-worker-0" daemon [_thread_blocked, id=5752, stack(0x000000005a680000,0x000000005a780000)]
  0x000000001fee8800 JavaThread "ForkJoinPool.commonPool-worker-7" daemon [_thread_blocked, id=11052, stack(0x000000005a580000,0x000000005a680000)]
  0x000000001fee6000 JavaThread "ForkJoinPool.commonPool-worker-6" daemon [_thread_blocked, id=1148, stack(0x000000005a480000,0x000000005a580000)]
  0x000000001fee5800 JavaThread "ForkJoinPool.commonPool-worker-5" daemon [_thread_blocked, id=11856, stack(0x000000005a380000,0x000000005a480000)]
  0x000000001fee7000 JavaThread "ForkJoinPool.commonPool-worker-4" daemon [_thread_blocked, id=5760, stack(0x000000005a280000,0x000000005a380000)]
  0x000000001fee4000 JavaThread "ForkJoinPool.commonPool-worker-3" daemon [_thread_blocked, id=5404, stack(0x000000005a180000,0x000000005a280000)]
  0x000000001feda000 JavaThread "Cache worker for Java compile cache (D:\Program files\Android\AndroidStudioProjects\DrawLandMark2\.gradle\4.4\javaCompile)" [_thread_blocked, id=10884, stack(0x000000005a080000,0x000000005a180000)]
  0x00000000222fd800 JavaThread "Task worker for ':' Thread 7" [_thread_blocked, id=10612, stack(0x0000000059f80000,0x000000005a080000)]
  0x00000000222f3000 JavaThread "Task worker for ':' Thread 6" [_thread_blocked, id=12412, stack(0x0000000059e80000,0x0000000059f80000)]
  0x00000000222f3800 JavaThread "Task worker for ':' Thread 5" [_thread_blocked, id=14692, stack(0x0000000059d80000,0x0000000059e80000)]
  0x00000000222f9000 JavaThread "Task worker for ':' Thread 4" [_thread_blocked, id=15320, stack(0x0000000059c80000,0x0000000059d80000)]
  0x00000000222f8000 JavaThread "Task worker for ':' Thread 3" [_thread_blocked, id=11556, stack(0x0000000059b80000,0x0000000059c80000)]
  0x00000000222f9800 JavaThread "Task worker for ':' Thread 2" [_thread_blocked, id=8648, stack(0x0000000059a80000,0x0000000059b80000)]
  0x00000000222f2000 JavaThread "Task worker for ':'" [_thread_blocked, id=11520, stack(0x0000000059980000,0x0000000059a80000)]
  0x00000000222f0800 JavaThread "Cache worker for Build Output Cleanup Cache (D:\Program files\Android\AndroidStudioProjects\DrawLandMark2\.gradle\buildOutputCleanup)" [_thread_blocked, id=5960, stack(0x0000000059880000,0x0000000059980000)]
  0x00000000222f7800 JavaThread "Cache worker for task history cache (D:\Program files\Android\AndroidStudioProjects\DrawLandMark2\.gradle\4.4\taskHistory)" [_thread_blocked, id=3528, stack(0x0000000059780000,0x0000000059880000)]
  0x000000002251d000 JavaThread "Cache worker for file content cache (D:\Program files\Android\AndroidStudioProjects\DrawLandMark2\.gradle\4.4\fileContent)" [_thread_blocked, id=2016, stack(0x0000000059680000,0x0000000059780000)]
  0x000000002251b800 JavaThread "build operations Thread 8" [_thread_blocked, id=10732, stack(0x0000000059580000,0x0000000059680000)]
  0x000000002251b000 JavaThread "build operations Thread 7" [_thread_blocked, id=7436, stack(0x0000000059480000,0x0000000059580000)]
  0x000000002251a000 JavaThread "build operations Thread 6" [_thread_blocked, id=4660, stack(0x0000000059380000,0x0000000059480000)]
  0x000000002251c800 JavaThread "build operations Thread 5" [_thread_blocked, id=7220, stack(0x0000000059280000,0x0000000059380000)]
  0x0000000022519800 JavaThread "build operations Thread 4" [_thread_blocked, id=10668, stack(0x0000000059180000,0x0000000059280000)]
  0x0000000022511000 JavaThread "build operations Thread 3" [_thread_blocked, id=404, stack(0x0000000059080000,0x0000000059180000)]
  0x0000000022516800 JavaThread "build operations Thread 2" [_thread_blocked, id=13952, stack(0x0000000058f80000,0x0000000059080000)]
  0x0000000022511800 JavaThread "build operations" [_thread_blocked, id=14500, stack(0x0000000058e80000,0x0000000058f80000)]
  0x0000000022518000 JavaThread "Cache worker for Artifact transforms cache (C:\Users\User\.gradle\caches\transforms-1)" [_thread_blocked, id=15144, stack(0x0000000058d80000,0x0000000058e80000)]
  0x0000000022517000 JavaThread "Cache worker for file hash cache (D:\Program files\Android\AndroidStudioProjects\DrawLandMark2\.gradle\4.4\fileHashes)" [_thread_blocked, id=2732, stack(0x0000000058c80000,0x0000000058d80000)]
  0x000000002250e800 JavaThread "Stdin handler" [_thread_blocked, id=11132, stack(0x0000000058b80000,0x0000000058c80000)]
  0x0000000022515800 JavaThread "Asynchronous log dispatcher for DefaultDaemonConnection: socket connection from /127.0.0.1:8605 to /127.0.0.1:8974" [_thread_blocked, id=9908, stack(0x0000000058a80000,0x0000000058b80000)]
  0x0000000022515000 JavaThread "Daemon worker Thread 3" [_thread_blocked, id=6068, stack(0x0000000058980000,0x0000000058a80000)]
  0x0000000022510000 JavaThread "Cancel handler" [_thread_blocked, id=14624, stack(0x0000000058880000,0x0000000058980000)]
  0x000000002250f800 JavaThread "Handler for socket connection from /127.0.0.1:8605 to /127.0.0.1:8974" [_thread_in_native, id=8092, stack(0x0000000058780000,0x0000000058880000)]
  0x0000000022514000 JavaThread "Daemon Thread 3" [_thread_blocked, id=1540, stack(0x0000000058680000,0x0000000058780000)]
  0x00000000222f6800 JavaThread "Memory manager" [_thread_blocked, id=6832, stack(0x0000000025870000,0x0000000025970000)]
  0x00000000222f6000 JavaThread "pool-1-thread-1" [_thread_blocked, id=10796, stack(0x0000000025570000,0x0000000025670000)]
  0x000000001cbe7000 JavaThread "File lock request listener" [_thread_in_native, id=14108, stack(0x000000001e7c0000,0x000000001e8c0000)]
  0x000000001d189000 JavaThread "Cache worker for file hash cache (C:\Users\User\.gradle\caches\4.4\fileHashes)" [_thread_blocked, id=10708, stack(0x000000001e6c0000,0x000000001e7c0000)]
  0x000000001cd75000 JavaThread "Daemon periodic checks" [_thread_blocked, id=2816, stack(0x000000001dac0000,0x000000001dbc0000)]
  0x000000001c8aa000 JavaThread "Incoming local TCP Connector on port 8605" [_thread_in_native, id=396, stack(0x000000001d5c0000,0x000000001d6c0000)]
  0x000000001af1d800 JavaThread "Service Thread" daemon [_thread_blocked, id=8220, stack(0x000000001b9f0000,0x000000001baf0000)]
  0x000000001ae86800 JavaThread "C1 CompilerThread3" daemon [_thread_blocked, id=7820, stack(0x000000001b8f0000,0x000000001b9f0000)]
=>0x000000001ae81800 JavaThread "C2 CompilerThread2" daemon [_thread_in_native, id=2152, stack(0x000000001b7f0000,0x000000001b8f0000)]
  0x0000000018f2e000 JavaThread "C2 CompilerThread1" daemon [_thread_in_native, id=9056, stack(0x000000001b6f0000,0x000000001b7f0000)]
  0x000000001ae80000 JavaThread "C2 CompilerThread0" daemon [_thread_in_native, id=11780, stack(0x000000001b5f0000,0x000000001b6f0000)]
  0x000000001ae7f000 JavaThread "Attach Listener" daemon [_thread_blocked, id=9436, stack(0x000000001b4f0000,0x000000001b5f0000)]
  0x000000001ae2b000 JavaThread "Signal Dispatcher" daemon [_thread_blocked, id=11600, stack(0x000000001b3f0000,0x000000001b4f0000)]
  0x000000000515e000 JavaThread "Finalizer" daemon [_thread_blocked, id=3864, stack(0x000000001b1f0000,0x000000001b2f0000)]
  0x0000000005157000 JavaThread "Reference Handler" daemon [_thread_blocked, id=13828, stack(0x000000001acf0000,0x000000001adf0000)]
  0x0000000004b1d800 JavaThread "main" [_thread_blocked, id=14988, stack(0x0000000004f60000,0x0000000005060000)]

Other Threads:
  0x0000000018f17000 VMThread [stack: 0x000000001abf0000,0x000000001acf0000] [id=7060]
  0x000000001af1e800 WatcherThread [stack: 0x000000001baf0000,0x000000001bbf0000] [id=7684]

VM state:not at safepoint (normal execution)

VM Mutex/Monitor currently owned by a thread: None

Heap:
 PSYoungGen      total 472064K, used 325430K [0x00000000e0000000, 0x0000000100000000, 0x0000000100000000)
  eden space 436224K, 70% used [0x00000000e0000000,0x00000000f2d81798,0x00000000faa00000)
  from space 35840K, 46% used [0x00000000fdd00000,0x00000000fed4c100,0x0000000100000000)
  to   space 44032K, 0% used [0x00000000faa00000,0x00000000faa00000,0x00000000fd500000)
 ParOldGen       total 279552K, used 93299K [0x00000000a0000000, 0x00000000b1100000, 0x00000000e0000000)
  object space 279552K, 33% used [0x00000000a0000000,0x00000000a5b1cf50,0x00000000b1100000)
 Metaspace       used 86406K, capacity 90694K, committed 90968K, reserved 1128448K
  class space    used 11022K, capacity 11841K, committed 11904K, reserved 1048576K

Card table byte_map: [0x0000000014520000,0x0000000014830000] byte_map_base: 0x0000000014020000

Marking Bits: (ParMarkBitMap*) 0x00000000721c4970
 Begin Bits: [0x0000000015230000, 0x0000000016a30000)
 End Bits:   [0x0000000016a30000, 0x0000000018230000)

Polling page: 0x0000000002d80000

CodeCache: size=245760Kb used=57404Kb max_used=57419Kb free=188355Kb
 bounds [0x0000000005160000, 0x00000000089d0000, 0x0000000014160000]
 total_blobs=17690 nmethods=16816 adapters=784
 compilation: enabled

Compilation events (10 events):
Event: 631.588 Thread 0x000000001ae80000 nmethod 21812 0x0000000008991b50 code [0x0000000008991ce0, 0x00000000089925b8]
Event: 631.589 Thread 0x000000001ae80000 21747       4       com.android.tools.r8.ir.conversion.JarSourceCode::computeBlockEntryJarStates (245 bytes)
Event: 631.682 Thread 0x0000000018f2e000 nmethod 21782% 0x00000000089b0790 code [0x00000000089b0be0, 0x00000000089b4428]
Event: 631.682 Thread 0x0000000018f2e000 21831       4       com.android.tools.r8.graph.OffsetToObjectMapping::getFieldMap (26 bytes)
Event: 631.683 Thread 0x0000000018f2e000 nmethod 21831 0x0000000007d99310 code [0x0000000007d99440, 0x0000000007d99498]
Event: 631.683 Thread 0x0000000018f2e000 21768 %     4       com.android.tools.r8.ir.desugar.StringConcatRewriter::desugarStringConcats @ 5 (156 bytes)
Event: 631.708 Thread 0x0000000018f2e000 nmethod 21768% 0x00000000089af350 code [0x00000000089af4e0, 0x00000000089afbb8]
Event: 631.708 Thread 0x0000000018f2e000 21769       4       com.android.tools.r8.ir.optimize.ConstantCanonicalizer::canonicalize (235 bytes)
Event: 631.826 Thread 0x0000000018f2e000 nmethod 21769 0x00000000089ba0d0 code [0x00000000089ba3c0, 0x00000000089bbfa0]
Event: 631.826 Thread 0x0000000018f2e000 21774       4       com.android.tools.r8.ir.code.IRCode::numberInstructions (87 bytes)

GC Heap History (10 events):
Event: 80.451 GC heap before
{Heap before GC invocations=29 (full 3):
 PSYoungGen      total 484864K, used 452925K [0x00000000e0000000, 0x00000000ffd80000, 0x0000000100000000)
  eden space 448000K, 100% used [0x00000000e0000000,0x00000000fb580000,0x00000000fb580000)
  from space 36864K, 13% used [0x00000000fb580000,0x00000000fba4f4a8,0x00000000fd980000)
  to   space 36352K, 0% used [0x00000000fda00000,0x00000000fda00000,0x00000000ffd80000)
 ParOldGen       total 279552K, used 65530K [0x00000000a0000000, 0x00000000b1100000, 0x00000000e0000000)
  object space 279552K, 23% used [0x00000000a0000000,0x00000000a3ffe808,0x00000000b1100000)
 Metaspace       used 80344K, capacity 83992K, committed 84184K, reserved 1122304K
  class space    used 10500K, capacity 11174K, committed 11264K, reserved 1048576K
Event: 80.470 GC heap after
Heap after GC invocations=29 (full 3):
 PSYoungGen      total 485888K, used 8864K [0x00000000e0000000, 0x00000000ffc80000, 0x0000000100000000)
  eden space 450560K, 0% used [0x00000000e0000000,0x00000000e0000000,0x00000000fb800000)
  from space 35328K, 25% used [0x00000000fda00000,0x00000000fe2a8298,0x00000000ffc80000)
  to   space 34816K, 0% used [0x00000000fb800000,0x00000000fb800000,0x00000000fda00000)
 ParOldGen       total 279552K, used 65554K [0x00000000a0000000, 0x00000000b1100000, 0x00000000e0000000)
  object space 279552K, 23% used [0x00000000a0000000,0x00000000a4004808,0x00000000b1100000)
 Metaspace       used 80344K, capacity 83992K, committed 84184K, reserved 1122304K
  class space    used 10500K, capacity 11174K, committed 11264K, reserved 1048576K
}
Event: 81.512 GC heap before
{Heap before GC invocations=30 (full 3):
 PSYoungGen      total 485888K, used 459424K [0x00000000e0000000, 0x00000000ffc80000, 0x0000000100000000)
  eden space 450560K, 100% used [0x00000000e0000000,0x00000000fb800000,0x00000000fb800000)
  from space 35328K, 25% used [0x00000000fda00000,0x00000000fe2a8298,0x00000000ffc80000)
  to   space 34816K, 0% used [0x00000000fb800000,0x00000000fb800000,0x00000000fda00000)
 ParOldGen       total 279552K, used 65554K [0x00000000a0000000, 0x00000000b1100000, 0x00000000e0000000)
  object space 279552K, 23% used [0x00000000a0000000,0x00000000a4004808,0x00000000b1100000)
 Metaspace       used 80358K, capacity 83992K, committed 84184K, reserved 1122304K
  class space    used 10500K, capacity 11174K, committed 11264K, reserved 1048576K
Event: 81.535 GC heap after
Heap after GC invocations=30 (full 3):
 PSYoungGen      total 485376K, used 1889K [0x00000000e0000000, 0x00000000ffe80000, 0x0000000100000000)
  eden space 450560K, 0% used [0x00000000e0000000,0x00000000e0000000,0x00000000fb800000)
  from space 34816K, 5% used [0x00000000fb800000,0x00000000fb9d8758,0x00000000fda00000)
  to   space 34304K, 0% used [0x00000000fdd00000,0x00000000fdd00000,0x00000000ffe80000)
 ParOldGen       total 279552K, used 65586K [0x00000000a0000000, 0x00000000b1100000, 0x00000000e0000000)
  object space 279552K, 23% used [0x00000000a0000000,0x00000000a400c808,0x00000000b1100000)
 Metaspace       used 80358K, capacity 83992K, committed 84184K, reserved 1122304K
  class space    used 10500K, capacity 11174K, committed 11264K, reserved 1048576K
}
Event: 92.659 GC heap before
{Heap before GC invocations=31 (full 3):
 PSYoungGen      total 485376K, used 452344K [0x00000000e0000000, 0x00000000ffe80000, 0x0000000100000000)
  eden space 450560K, 99% used [0x00000000e0000000,0x00000000fb7e5ab0,0x00000000fb800000)
  from space 34816K, 5% used [0x00000000fb800000,0x00000000fb9d8758,0x00000000fda00000)
  to   space 34304K, 0% used [0x00000000fdd00000,0x00000000fdd00000,0x00000000ffe80000)
 ParOldGen       total 279552K, used 65586K [0x00000000a0000000, 0x00000000b1100000, 0x00000000e0000000)
  object space 279552K, 23% used [0x00000000a0000000,0x00000000a400c808,0x00000000b1100000)
 Metaspace       used 80628K, capacity 84274K, committed 84440K, reserved 1122304K
  class space    used 10512K, capacity 11215K, committed 11264K, reserved 1048576K
Event: 92.668 GC heap after
Heap after GC invocations=31 (full 3):
 PSYoungGen      total 488448K, used 1134K [0x00000000e0000000, 0x00000000fff80000, 0x0000000100000000)
  eden space 454144K, 0% used [0x00000000e0000000,0x00000000e0000000,0x00000000fbb80000)
  from space 34304K, 3% used [0x00000000fdd00000,0x00000000fde1bab8,0x00000000ffe80000)
  to   space 34304K, 0% used [0x00000000fbb80000,0x00000000fbb80000,0x00000000fdd00000)
 ParOldGen       total 279552K, used 65602K [0x00000000a0000000, 0x00000000b1100000, 0x00000000e0000000)
  object space 279552K, 23% used [0x00000000a0000000,0x00000000a4010808,0x00000000b1100000)
 Metaspace       used 80628K, capacity 84274K, committed 84440K, reserved 1122304K
  class space    used 10512K, capacity 11215K, committed 11264K, reserved 1048576K
}
Event: 101.236 GC heap before
{Heap before GC invocations=32 (full 3):
 PSYoungGen      total 488448K, used 455278K [0x00000000e0000000, 0x00000000fff80000, 0x0000000100000000)
  eden space 454144K, 100% used [0x00000000e0000000,0x00000000fbb80000,0x00000000fbb80000)
  from space 34304K, 3% used [0x00000000fdd00000,0x00000000fde1bab8,0x00000000ffe80000)
  to   space 34304K, 0% used [0x00000000fbb80000,0x00000000fbb80000,0x00000000fdd00000)
 ParOldGen       total 279552K, used 65602K [0x00000000a0000000, 0x00000000b1100000, 0x00000000e0000000)
  object space 279552K, 23% used [0x00000000a0000000,0x00000000a4010808,0x00000000b1100000)
 Metaspace       used 81249K, capacity 84934K, committed 85080K, reserved 1122304K
  class space    used 10563K, capacity 11269K, committed 11392K, reserved 1048576K
Event: 101.319 GC heap after
Heap after GC invocations=32 (full 3):
 PSYoungGen      total 488448K, used 34274K [0x00000000e0000000, 0x0000000100000000, 0x0000000100000000)
  eden space 454144K, 0% used [0x00000000e0000000,0x00000000e0000000,0x00000000fbb80000)
  from space 34304K, 99% used [0x00000000fbb80000,0x00000000fdcf8bd0,0x00000000fdd00000)
  to   space 35840K, 0% used [0x00000000fdd00000,0x00000000fdd00000,0x0000000100000000)
 ParOldGen       total 279552K, used 81638K [0x00000000a0000000, 0x00000000b1100000, 0x00000000e0000000)
  object space 279552K, 29% used [0x00000000a0000000,0x00000000a4fb9ae8,0x00000000b1100000)
 Metaspace       used 81249K, capacity 84934K, committed 85080K, reserved 1122304K
  class space    used 10563K, capacity 11269K, committed 11392K, reserved 1048576K
}
Event: 462.484 GC heap before
{Heap before GC invocations=33 (full 3):
 PSYoungGen      total 488448K, used 488418K [0x00000000e0000000, 0x0000000100000000, 0x0000000100000000)
  eden space 454144K, 100% used [0x00000000e0000000,0x00000000fbb80000,0x00000000fbb80000)
  from space 34304K, 99% used [0x00000000fbb80000,0x00000000fdcf8bd0,0x00000000fdd00000)
  to   space 35840K, 0% used [0x00000000fdd00000,0x00000000fdd00000,0x0000000100000000)
 ParOldGen       total 279552K, used 81638K [0x00000000a0000000, 0x00000000b1100000, 0x00000000e0000000)
  object space 279552K, 29% used [0x00000000a0000000,0x00000000a4fb9ae8,0x00000000b1100000)
 Metaspace       used 85716K, capacity 89828K, committed 90200K, reserved 1128448K
  class space    used 10991K, capacity 11790K, committed 11904K, reserved 1048576K
Event: 462.537 GC heap after
Heap after GC invocations=33 (full 3):
 PSYoungGen      total 472064K, used 16688K [0x00000000e0000000, 0x0000000100000000, 0x0000000100000000)
  eden space 436224K, 0% used [0x00000000e0000000,0x00000000e0000000,0x00000000faa00000)
  from space 35840K, 46% used [0x00000000fdd00000,0x00000000fed4c100,0x0000000100000000)
  to   space 44032K, 0% used [0x00000000faa00000,0x00000000faa00000,0x00000000fd500000)
 ParOldGen       total 279552K, used 93299K [0x00000000a0000000, 0x00000000b1100000, 0x00000000e0000000)
  object space 279552K, 33% used [0x00000000a0000000,0x00000000a5b1cf50,0x00000000b1100000)
 Metaspace       used 85716K, capacity 89828K, committed 90200K, reserved 1128448K
  class space    used 10991K, capacity 11790K, committed 11904K, reserved 1048576K
}

Deoptimization events (10 events):
Event: 628.788 Thread 0x00000000222f2000 Uncommon trap: reason=speculate_class_check action=maybe_recompile pc=0x0000000006e5bbd0 method=com.sun.tools.javac.code.Type.hasTag(Lcom/sun/tools/javac/code/TypeTag;)Z @ 2
Event: 628.859 Thread 0x00000000222f2000 Uncommon trap: reason=bimorphic action=maybe_recompile pc=0x0000000006e34c7c method=com.sun.tools.javac.code.Types$SameTypeVisitor.visitClassType(Lcom/sun/tools/javac/code/Type$ClassType;Lcom/sun/tools/javac/code/Type;)Ljava/lang/Boolean; @ 95
Event: 630.022 Thread 0x00000000222f9800 Uncommon trap: reason=unstable_if action=reinterpret pc=0x0000000005b379b8 method=sun.nio.ch.IOUtil.writeFromNativeBuffer(Ljava/io/FileDescriptor;Ljava/nio/ByteBuffer;JLsun/nio/ch/NativeDispatcher;)I @ 121
Event: 630.022 Thread 0x00000000222f9800 Uncommon trap: reason=unstable_if action=reinterpret pc=0x0000000005d20cf0 method=sun.nio.ch.IOStatus.normalize(I)I @ 3
Event: 630.022 Thread 0x00000000222f9800 Uncommon trap: reason=unstable_if action=reinterpret pc=0x00000000055e3754 method=org.gradle.internal.remote.internal.inet.SocketConnection$SocketOutputStream.writeWithNonBlockingRetry()I @ 41
Event: 630.022 Thread 0x00000000222f9800 Uncommon trap: reason=unstable_if action=reinterpret pc=0x00000000069b1f2c method=sun.nio.ch.IOStatus.normalize(I)I @ 3
Event: 630.068 Thread 0x00000000222f9800 Uncommon trap: reason=predicate action=maybe_recompile pc=0x00000000087b27cc method=java.util.ComparableTimSort.binarySort([Ljava/lang/Object;III)V @ 37
Event: 630.751 Thread 0x000000001c67b800 Uncommon trap: reason=unstable_if action=reinterpret pc=0x0000000005b92170 method=com.android.tools.r8.ir.conversion.IRBuilder.insertDebugPositions()Z @ 148
Event: 630.751 Thread 0x000000001c67b800 Uncommon trap: reason=bimorphic action=maybe_recompile pc=0x0000000007b92564 method=java.util.stream.MatchOps$1MatchSink.accept(Ljava/lang/Object;)V @ 12
Event: 631.481 Thread 0x00000000222f9800 Uncommon trap: reason=bimorphic action=maybe_recompile pc=0x0000000007b15220 method=java.util.stream.AbstractPipeline.copyIntoWithCancel(Ljava/util/stream/Sink;Ljava/util/Spliterator;)V @ 24

Classes redefined (0 events):
No events

Internal exceptions (10 events):
Event: 463.722 Thread 0x000000001fee5800 Exception <a 'sun/nio/fs/WindowsException'> (0x00000000e40c2cc0) thrown at [D:\src\AOSP-openjdk-cygwin\jdk8u\hotspot\src\share\vm\prims\jni.cpp, line 709]
Event: 609.576 Thread 0x00000000222f6000 Exception <a 'sun/nio/fs/WindowsException'> (0x00000000e54f63d0) thrown at [D:\src\AOSP-openjdk-cygwin\jdk8u\hotspot\src\share\vm\prims\jni.cpp, line 709]
Event: 626.551 Thread 0x0000000022515000 Exception <a 'sun/nio/fs/WindowsException'> (0x00000000e6910198) thrown at [D:\src\AOSP-openjdk-cygwin\jdk8u\hotspot\src\share\vm\prims\jni.cpp, line 709]
Event: 626.553 Thread 0x0000000022515000 Exception <a 'sun/nio/fs/WindowsException'> (0x00000000e691c388) thrown at [D:\src\AOSP-openjdk-cygwin\jdk8u\hotspot\src\share\vm\prims\jni.cpp, line 709]
Event: 630.747 Thread 0x000000001fee7000 Exception <a 'sun/nio/fs/WindowsException'> (0x00000000ef9fabf0) thrown at [D:\src\AOSP-openjdk-cygwin\jdk8u\hotspot\src\share\vm\prims\jni.cpp, line 709]
Event: 630.747 Thread 0x000000001fee2800 Exception <a 'sun/nio/fs/WindowsException'> (0x00000000ef919fe0) thrown at [D:\src\AOSP-openjdk-cygwin\jdk8u\hotspot\src\share\vm\prims\jni.cpp, line 709]
Event: 630.767 Thread 0x000000001c67b800 Exception <a 'sun/nio/fs/WindowsException'> (0x00000000efe8f2f0) thrown at [D:\src\AOSP-openjdk-cygwin\jdk8u\hotspot\src\share\vm\prims\jni.cpp, line 709]
Event: 630.971 Thread 0x000000001c67d800 Exception <a 'sun/nio/fs/WindowsException'> (0x00000000f0adca80) thrown at [D:\src\AOSP-openjdk-cygwin\jdk8u\hotspot\src\share\vm\prims\jni.cpp, line 709]
Event: 631.317 Thread 0x000000001fee7000 Exception <a 'sun/nio/fs/WindowsException'> (0x00000000f1529780) thrown at [D:\src\AOSP-openjdk-cygwin\jdk8u\hotspot\src\share\vm\prims\jni.cpp, line 709]
Event: 631.428 Thread 0x000000001c680800 Exception <a 'sun/nio/fs/WindowsException'> (0x00000000f239fb88) thrown at [D:\src\AOSP-openjdk-cygwin\jdk8u\hotspot\src\share\vm\prims\jni.cpp, line 709]

Events (10 events):
Event: 631.663 Executing VM operation: RevokeBias done
Event: 631.663 Thread 0x0000000024122800 Thread exited: 0x0000000024122800
Event: 631.674 Executing VM operation: RevokeBias
Event: 631.675 Executing VM operation: RevokeBias done
Event: 631.675 Executing VM operation: RevokeBias
Event: 631.675 Executing VM operation: RevokeBias done
Event: 631.675 Thread 0x0000000024125800 Thread exited: 0x0000000024125800
Event: 631.675 Executing VM operation: RevokeBias
Event: 631.676 Executing VM operation: RevokeBias done
Event: 631.676 Thread 0x0000000024123800 Thread exited: 0x0000000024123800


Dynamic libraries:
0x00007ff64d410000 - 0x00007ff64d441000 	D:\Program files\Android studio\jre\bin\java.exe
0x00007ffebd840000 - 0x00007ffebda20000 	C:\WINDOWS\SYSTEM32\ntdll.dll
0x00007ffebcac0000 - 0x00007ffebcb6e000 	C:\WINDOWS\System32\KERNEL32.DLL
0x00007ffeba950000 - 0x00007ffebabb6000 	C:\WINDOWS\System32\KERNELBASE.dll
0x00007ffebd760000 - 0x00007ffebd801000 	C:\WINDOWS\System32\ADVAPI32.dll
0x00007ffebc840000 - 0x00007ffebc8dd000 	C:\WINDOWS\System32\msvcrt.dll
0x00007ffebb110000 - 0x00007ffebb16b000 	C:\WINDOWS\System32\sechost.dll
0x00007ffebcb70000 - 0x00007ffebcc8f000 	C:\WINDOWS\System32\RPCRT4.dll
0x00007ffebad20000 - 0x00007ffebaeaf000 	C:\WINDOWS\System32\USER32.dll
0x00007ffebac40000 - 0x00007ffebac60000 	C:\WINDOWS\System32\win32u.dll
0x00007ffebc940000 - 0x00007ffebc968000 	C:\WINDOWS\System32\GDI32.dll
0x00007ffeba7b0000 - 0x00007ffeba943000 	C:\WINDOWS\System32\gdi32full.dll
0x00007ffeb9c40000 - 0x00007ffeb9cdb000 	C:\WINDOWS\System32\msvcp_win.dll
0x00007ffeba430000 - 0x00007ffeba526000 	C:\WINDOWS\System32\ucrtbase.dll
0x00007ffeb06f0000 - 0x00007ffeb0959000 	C:\WINDOWS\WinSxS\amd64_microsoft.windows.common-controls_6595b64144ccf1df_6.0.16299.431_none_15c7d3ee93659e73\COMCTL32.dll
0x00007ffebd210000 - 0x00007ffebd518000 	C:\WINDOWS\System32\combase.dll
0x00007ffebabc0000 - 0x00007ffebac32000 	C:\WINDOWS\System32\bcryptPrimitives.dll
0x00007ffebc810000 - 0x00007ffebc83d000 	C:\WINDOWS\System32\IMM32.DLL
0x000000006f640000 - 0x000000006f712000 	D:\Program files\Android studio\jre\jre\bin\msvcr100.dll
0x0000000071a00000 - 0x000000007223f000 	D:\Program files\Android studio\jre\jre\bin\server\jvm.dll
0x00007ffebad10000 - 0x00007ffebad18000 	C:\WINDOWS\System32\PSAPI.DLL
0x00007ffeb69a0000 - 0x00007ffeb69a9000 	C:\WINDOWS\SYSTEM32\WSOCK32.dll
0x00007ffeb3e20000 - 0x00007ffeb3e2a000 	C:\WINDOWS\SYSTEM32\VERSION.dll
0x00007ffeb6210000 - 0x00007ffeb6233000 	C:\WINDOWS\SYSTEM32\WINMM.dll
0x00007ffebc9d0000 - 0x00007ffebca3c000 	C:\WINDOWS\System32\WS2_32.dll
0x00007ffeb61e0000 - 0x00007ffeb620a000 	C:\WINDOWS\SYSTEM32\winmmbase.dll
0x00007ffeba760000 - 0x00007ffeba7aa000 	C:\WINDOWS\System32\cfgmgr32.dll
0x00007ffeb4fc0000 - 0x00007ffeb4fcf000 	D:\Program files\Android studio\jre\jre\bin\verify.dll
0x00007ffe993b0000 - 0x00007ffe993d9000 	D:\Program files\Android studio\jre\jre\bin\java.dll
0x00007ffe992f0000 - 0x00007ffe99306000 	D:\Program files\Android studio\jre\jre\bin\zip.dll
0x00007ffebb2c0000 - 0x00007ffebc6f8000 	C:\WINDOWS\System32\SHELL32.dll
0x00007ffebd0e0000 - 0x00007ffebd186000 	C:\WINDOWS\System32\shcore.dll
0x00007ffeb9ce0000 - 0x00007ffeba427000 	C:\WINDOWS\System32\windows.storage.dll
0x00007ffebca60000 - 0x00007ffebcab1000 	C:\WINDOWS\System32\shlwapi.dll
0x00007ffeb9b90000 - 0x00007ffeb9ba1000 	C:\WINDOWS\System32\kernel.appcore.dll
0x00007ffeb9bb0000 - 0x00007ffeb9bfc000 	C:\WINDOWS\System32\powrprof.dll
0x00007ffeb9c00000 - 0x00007ffeb9c1b000 	C:\WINDOWS\System32\profapi.dll
0x00007ffe99040000 - 0x00007ffe9905a000 	D:\Program files\Android studio\jre\jre\bin\net.dll
0x00007ffeb9420000 - 0x00007ffeb9486000 	C:\WINDOWS\system32\mswsock.dll
0x00007ffe99020000 - 0x00007ffe99031000 	D:\Program files\Android studio\jre\jre\bin\nio.dll
0x00007ffeb6a10000 - 0x00007ffeb6a2e000 	C:\Users\User\.gradle\native\25\windows-amd64\native-platform.dll
0x00007ffeb3860000 - 0x00007ffeb386d000 	D:\Program files\Android studio\jre\jre\bin\management.dll
0x00007ffeb95f0000 - 0x00007ffeb9607000 	C:\WINDOWS\SYSTEM32\CRYPTSP.dll
0x00007ffeb9020000 - 0x00007ffeb9053000 	C:\WINDOWS\system32\rsaenh.dll
0x00007ffeb96f0000 - 0x00007ffeb9715000 	C:\WINDOWS\SYSTEM32\bcrypt.dll
0x00007ffeb9a90000 - 0x00007ffeb9ab9000 	C:\WINDOWS\SYSTEM32\USERENV.dll
0x00007ffeb95e0000 - 0x00007ffeb95eb000 	C:\WINDOWS\SYSTEM32\CRYPTBASE.dll
0x00007ffeb91b0000 - 0x00007ffeb91e9000 	C:\WINDOWS\SYSTEM32\IPHLPAPI.DLL
0x00007ffebca50000 - 0x00007ffebca58000 	C:\WINDOWS\System32\NSI.dll
0x00007ffeb3df0000 - 0x00007ffeb3e06000 	C:\WINDOWS\SYSTEM32\dhcpcsvc6.DLL
0x00007ffeb3b80000 - 0x00007ffeb3b9a000 	C:\WINDOWS\SYSTEM32\dhcpcsvc.DLL
0x00007ffe93f60000 - 0x00007ffe93f84000 	D:\Program files\Android studio\jre\jre\bin\sunec.dll
0x00007ffeb91f0000 - 0x00007ffeb92a6000 	C:\WINDOWS\SYSTEM32\DNSAPI.dll
0x00007ffeb1900000 - 0x00007ffeb190a000 	C:\Windows\System32\rasadhlp.dll
0x00007ffeb1970000 - 0x00007ffeb19e0000 	C:\WINDOWS\System32\fwpuclnt.dll
0x00007ffeb0b80000 - 0x00007ffeb0b8b000 	D:\Program files\Android studio\jre\jre\bin\sunmscapi.dll
0x00007ffeba530000 - 0x00007ffeba6fe000 	C:\WINDOWS\System32\CRYPT32.dll
0x00007ffeb9c20000 - 0x00007ffeb9c32000 	C:\WINDOWS\System32\MSASN1.dll

VM Arguments:
jvm_args: -Xmx1536m -Dfile.encoding=x-windows-950 -Duser.country=TW -Duser.language=zh -Duser.variant 
java_command: org.gradle.launcher.daemon.bootstrap.GradleDaemon 4.4
java_class_path (initial): C:\Users\User\.gradle\wrapper\dists\gradle-4.4-all\9br9xq1tocpiv8o6njlyu5op1\gradle-4.4\lib\gradle-launcher-4.4.jar
Launcher Type: SUN_STANDARD

Environment Variables:
PATH=D:\Program files\Java\java\bin;D:\Program files\Java\jdk-10.0.2\bin;C:\Program Files (x86)\Common Files\Oracle\Java\javapath;D:\Program files\Git\cmd;C:\ProgramData\Oracle\Java\javapath;C:\Windows\system32;C:\Windows;C:\Windows\System32\Wbem;C:\Windows\System32\WindowsPowerShell\v1.0\;C:\Program Files (x86)\NVIDIA Corporation\PhysX\Common;D:\Program files\jdk-9.0.4\bin;C:\WINDOWS\system32;C:\WINDOWS;C:\WINDOWS\System32\Wbem;C:\WINDOWS\System32\WindowsPowerShell\v1.0\;C:\Users\User\AppData\Local\Microsoft\WindowsApps;C:\Users\User\AppData\Local\GitHubDesktop\bin
USERNAME=User
OS=Windows_NT
PROCESSOR_IDENTIFIER=Intel64 Family 6 Model 142 Stepping 10, GenuineIntel



---------------  S Y S T E M  ---------------

OS: Windows 10.0 , 64 bit Build 16299 (10.0.16299.431)

CPU:total 8 (initial active 8) (4 cores per cpu, 2 threads per core) family 6 model 142 stepping 10, cmov, cx8, fxsr, mmx, sse, sse2, sse3, ssse3, sse4.1, sse4.2, popcnt, avx, avx2, aes, clmul, erms, 3dnowpref, lzcnt, ht, tsc, tscinvbit, bmi1, bmi2, adx

Memory: 4k page, physical 16640396k(1919772k free), swap 16640396k(4116k free)

vm_info: OpenJDK 64-Bit Server VM (25.152-b02) for windows-amd64 JRE (1.8.0_152-release-1024-b02), built by "builder" with MS VC++ 10.0 (VS2010)

time: Sat Jul 28 19:03:51 2018
elapsed time: 631 seconds (0d 0h 10m 31s)

